<?xml version="1.0" encoding="UTF-8"?>
<testsuite xmlns:xsi="http://www.w3.org/2001/XMLSchema-instance" xsi:noNamespaceSchemaLocation="https://maven.apache.org/surefire/maven-surefire-plugin/xsd/surefire-test-report.xsd" name="com.github.malapert.jsplitpolygon.PolygonTest" time="0.031" tests="5" errors="0" skipped="0" failures="0">
  <properties>
[...]
</properties>
  <testcase name="testIsCut" classname="com.github.malapert.jsplitpolygon.PolygonTest" time="0"/>
  <testcase name="testSplit" classname="com.github.malapert.jsplitpolygon.PolygonTest" time="0"/>
  <testcase name="testIsClockwisedPolygon" classname="com.github.malapert.jsplitpolygon.PolygonTest" time="0"/>
  <testcase name="testPolygons" classname="com.github.malapert.jsplitpolygon.PolygonTest" time="0.029"/>
  <testcase name="testGetPolygons" classname="com.github.malapert.jsplitpolygon.PolygonTest" time="0.002"/>
</testsuite>